<?xml version="1.0" encoding="UTF-8"?>
<!-- Generated by org.testng.reporters.JUnitReportReporter -->
<testsuite skipped="0" hostname="Automata" name="pack.UpsTest.UpsLoginTest" tests="1" failures="0" timestamp="19 Apr 2020 00:45:11 GMT" time="6.345" errors="0">
  <testcase name="loginErrorMsg" time="6.345" classname="pack.UpsTest.UpsLoginTest"/>
</testsuite> <!-- pack.UpsTest.UpsLoginTest -->
